<?xml version="1.0" encoding="UTF-8"?>
<!-- Generated by org.testng.reporters.JUnitReportReporter -->
<testsuite hostname="Gagans-MBP" failures="0" tests="1" name="DigiBoxxTestNG.DigiBoxxTestNG.LoginTest" time="20.828" errors="0" timestamp="2022-05-24T19:54:32 CDT" skipped="0">
  <testcase classname="DigiBoxxTestNG.DigiBoxxTestNG.LoginTest" name="setUp" time="20.828"/>
  <system-out/>
</testsuite> <!-- DigiBoxxTestNG.DigiBoxxTestNG.LoginTest -->
